Picked up JAVA_TOOL_OPTIONS: -Dfile.encoding=UTF-8
To honour the JVM settings for this build a single-use Daemon process will be forked. For more on this, please refer to https://docs.gradle.org/9.4.1/userguide/gradle_daemon.html#sec:disabling_the_daemon in the Gradle documentation.
Daemon will be stopped at the end of the build 
> Task :compileJava NO-SOURCE
> Task :processResources NO-SOURCE
> Task :classes UP-TO-DATE
> Task :compileTestJava NO-SOURCE
> Task :processTestResources NO-SOURCE
> Task :testClasses UP-TO-DATE
> Task :compileJmhJava
> Task :processJmhResources NO-SOURCE
> Task :jmhClasses

> Task :jmhRunBytecodeGenerator
Picked up JAVA_TOOL_OPTIONS: -Dfile.encoding=UTF-8
Processing 5 classes from /home/smeziane/Test_Benchmark_JMH_EclipseCollection/build/classes/java/jmh with "reflection" generator
Writing out Java source to /home/smeziane/Test_Benchmark_JMH_EclipseCollection/build/jmh-generated-sources and resources to /home/smeziane/Test_Benchmark_JMH_EclipseCollection/build/jmh-generated-resources
Picked up JAVA_TOOL_OPTIONS: -Dfile.encoding=UTF-8
Processing 0 classes from /home/smeziane/Test_Benchmark_JMH_EclipseCollection/build/classes/java/test with "reflection" generator
Writing out Java source to /home/smeziane/Test_Benchmark_JMH_EclipseCollection/build/jmh-generated-sources and resources to /home/smeziane/Test_Benchmark_JMH_EclipseCollection/build/jmh-generated-resources

> Task :jmhCompileGeneratedClasses
> Task :jmhJar

BUILD SUCCESSFUL in 35s
4 actionable tasks: 4 executed
Consider enabling configuration cache to speed up this build: https://docs.gradle.org/9.4.1/userguide/configuration_cache_enabling.html
